2011-12-22 17:40:13.622, 1966, 1966, Main process started!
2011-12-22 17:40:13.670, 1966, 1966, Key is: 00000000000000000000000000000000000000001011111100000000
2011-12-22 17:40:13.670, 1966, 1966, A new child will be created!
2011-12-22 17:40:13.671, 1966, 1966, Created CHILD-1971!
2011-12-22 17:40:13.671, 1966, 1966, A new child will be created!
2011-12-22 17:40:13.671, 1966, 1966, Created CHILD-1972!
2011-12-22 17:40:13.671, 1966, 1966, A new child will be created!
2011-12-22 17:40:13.671, 1966, 1966, Created CHILD-1973!
2011-12-22 17:40:13.671, 1966, 1966, A new child will be created!
2011-12-22 17:40:13.671, 1966, 1966, Created CHILD-1974!
2011-12-22 17:40:13.671, 1966, 1966, A new child will be created!
2011-12-22 17:40:13.672, 1966, 1966, Created CHILD-1975!
2011-12-22 17:40:13.672, 1966, 1966, A new child will be created!
2011-12-22 17:40:13.672, 1966, 1966, Created CHILD-1976!
2011-12-22 17:40:13.672, 1966, 1966, A new child will be created!
2011-12-22 17:40:13.673, 1966, 1966, Created CHILD-1977!
2011-12-22 17:40:13.673, 1966, 1966, A new child will be created!
2011-12-22 17:40:13.673, 1966, 1966, Created CHILD-1978!
2011-12-22 17:40:13.673, 1966, 1966, A new child will be created!
2011-12-22 17:40:13.673, 1966, 1966, Created CHILD-1979!
2011-12-22 17:40:13.673, 1966, 1966, A new child will be created!
2011-12-22 17:40:13.674, 1966, 1966, Created CHILD-1980!
2011-12-22 17:40:13.674, 1966, 1966, A new child will be created!
2011-12-22 17:40:13.674, 1966, 1966, Created CHILD-1981!
2011-12-22 17:40:13.674, 1966, 1966, A new child will be created!
2011-12-22 17:40:13.674, 1966, 1966, Created CHILD-1982!
2011-12-22 17:40:13.674, 1966, 1966, A new child will be created!
2011-12-22 17:40:13.674, 1966, 1966, Created CHILD-1983!
2011-12-22 17:40:13.674, 1966, 1966, A new child will be created!
2011-12-22 17:40:13.677, 1966, 1966, Created CHILD-1984!
2011-12-22 17:40:13.677, 1966, 1966, A new child will be created!
2011-12-22 17:40:13.677, 1966, 1966, Created CHILD-1985!
2011-12-22 17:40:13.677, 1966, 1966, A new child will be created!
2011-12-22 17:40:13.677, 1966, 1966, Created CHILD-1986!
2011-12-22 17:40:13.678, 1966, 1973, Child CHILD-1973 is created!
2011-12-22 17:40:13.679, 1966, 1972, Child CHILD-1972 is created!
2011-12-22 17:40:13.679, 1966, 1971, Child CHILD-1971 is created!
2011-12-22 17:40:13.680, 1966, 1974, Child CHILD-1974 is created!
2011-12-22 17:40:13.687, 1966, 1976, Child CHILD-1976 is created!
2011-12-22 17:40:13.689, 1966, 1975, Child CHILD-1975 is created!
2011-12-22 17:40:13.729, 1966, 1978, Child CHILD-1978 is created!
2011-12-22 17:40:13.762, 1966, 1977, Child CHILD-1977 is created!
2011-12-22 17:40:13.762, 1966, 1979, Child CHILD-1979 is created!
2011-12-22 17:40:13.772, 1966, 1983, Child CHILD-1983 is created!
2011-12-22 17:40:13.795, 1966, 1980, Child CHILD-1980 is created!
2011-12-22 17:40:13.795, 1966, 1981, Child CHILD-1981 is created!
2011-12-22 17:40:13.795, 1966, 1982, Child CHILD-1982 is created!
2011-12-22 17:40:13.803, 1966, 1985, Child CHILD-1985 is created!
2011-12-22 17:40:13.805, 1966, 1984, Child CHILD-1984 is created!
2011-12-22 17:40:13.806, 1966, 1986, Child CHILD-1986 is created!
2011-12-22 17:41:30.453, 1966, 1971, The key is found! Key is: 00000000000000000000000000000000000000001011111000000000
2011-12-22 17:41:30.899, 1966, 1966, Child process CHILD-1971 is terminated!
2011-12-22 17:41:30.947, 1966, 1966, All child processes will be terminated now!
2011-12-22 17:41:31.27, 1966, 1966, Child process CHILD-1972 is terminated!
2011-12-22 17:41:31.38, 1966, 1966, Child process CHILD-1973 is terminated!
2011-12-22 17:41:31.807, 1966, 1966, Child process CHILD-1974 is terminated!
2011-12-22 17:41:31.807, 1966, 1966, Child process CHILD-1975 is terminated!
2011-12-22 17:41:31.807, 1966, 1966, Child process CHILD-1976 is terminated!
2011-12-22 17:41:31.807, 1966, 1966, Child process CHILD-1977 is terminated!
2011-12-22 17:41:31.807, 1966, 1966, Child process CHILD-1978 is terminated!
2011-12-22 17:41:31.807, 1966, 1966, Child process CHILD-1979 is terminated!
2011-12-22 17:41:31.807, 1966, 1966, Child process CHILD-1980 is terminated!
2011-12-22 17:41:31.837, 1966, 1966, Child process CHILD-1981 is terminated!
2011-12-22 17:41:31.838, 1966, 1966, Child process CHILD-1982 is terminated!
2011-12-22 17:41:31.838, 1966, 1966, Child process CHILD-1983 is terminated!
2011-12-22 17:41:31.838, 1966, 1966, Child process CHILD-1984 is terminated!
2011-12-22 17:41:31.838, 1966, 1966, Child process CHILD-1985 is terminated!
2011-12-22 17:41:31.838, 1966, 1966, Child process CHILD-1986 is terminated!
2011-12-22 17:41:31.838, 1966, 1966, Main process ended!
2011-12-22 17:41:51.84, 1987, 1987, Main process started!
2011-12-22 17:41:52.480, 1987, 1987, Key is: 00000000000000000000000000000000000000000000000100000000
2011-12-22 17:41:52.480, 1987, 1987, A new child will be created!
2011-12-22 17:41:52.481, 1987, 1987, Created CHILD-1992!
2011-12-22 17:41:52.481, 1987, 1987, A new child will be created!
2011-12-22 17:41:52.481, 1987, 1987, Created CHILD-1993!
2011-12-22 17:41:52.482, 1987, 1987, A new child will be created!
2011-12-22 17:41:52.482, 1987, 1987, Created CHILD-1994!
2011-12-22 17:41:52.482, 1987, 1987, A new child will be created!
2011-12-22 17:41:52.482, 1987, 1987, Created CHILD-1995!
2011-12-22 17:41:52.482, 1987, 1987, A new child will be created!
2011-12-22 17:41:52.483, 1987, 1987, Created CHILD-1996!
2011-12-22 17:41:52.483, 1987, 1987, A new child will be created!
2011-12-22 17:41:52.483, 1987, 1987, Created CHILD-1997!
2011-12-22 17:41:52.483, 1987, 1987, A new child will be created!
2011-12-22 17:41:52.483, 1987, 1987, Created CHILD-1998!
2011-12-22 17:41:52.483, 1987, 1987, A new child will be created!
2011-12-22 17:41:52.484, 1987, 1987, Created CHILD-1999!
2011-12-22 17:41:52.484, 1987, 1987, A new child will be created!
2011-12-22 17:41:52.484, 1987, 1987, Created CHILD-2000!
2011-12-22 17:41:52.484, 1987, 1987, A new child will be created!
2011-12-22 17:41:52.484, 1987, 1987, Created CHILD-2001!
2011-12-22 17:41:52.484, 1987, 1987, A new child will be created!
2011-12-22 17:41:52.485, 1987, 1987, Created CHILD-2002!
2011-12-22 17:41:52.485, 1987, 1987, A new child will be created!
2011-12-22 17:41:52.485, 1987, 1987, Created CHILD-2003!
2011-12-22 17:41:52.485, 1987, 1987, A new child will be created!
2011-12-22 17:41:52.485, 1987, 1987, Created CHILD-2004!
2011-12-22 17:41:52.485, 1987, 1987, A new child will be created!
2011-12-22 17:41:52.486, 1987, 1987, Created CHILD-2005!
2011-12-22 17:41:52.486, 1987, 1987, A new child will be created!
2011-12-22 17:41:52.486, 1987, 1987, Created CHILD-2006!
2011-12-22 17:41:52.486, 1987, 1987, A new child will be created!
2011-12-22 17:41:52.486, 1987, 1987, Created CHILD-2007!
2011-12-22 17:41:52.605, 1987, 1994, Child CHILD-1994 is created!
2011-12-22 17:41:52.605, 1987, 2002, Child CHILD-2002 is created!
2011-12-22 17:41:52.607, 1987, 2001, Child CHILD-2001 is created!
2011-12-22 17:41:52.608, 1987, 2005, Child CHILD-2005 is created!
2011-12-22 17:41:52.610, 1987, 2007, Child CHILD-2007 is created!
2011-12-22 17:41:52.615, 1987, 1998, Child CHILD-1998 is created!
2011-12-22 17:41:52.623, 1987, 2006, Child CHILD-2006 is created!
2011-12-22 17:41:52.623, 1987, 2004, Child CHILD-2004 is created!
2011-12-22 17:41:52.625, 1987, 1995, Child CHILD-1995 is created!
2011-12-22 17:41:52.655, 1987, 1993, Child CHILD-1993 is created!
2011-12-22 17:41:52.655, 1987, 1997, Child CHILD-1997 is created!
2011-12-22 17:41:52.667, 1987, 2000, Child CHILD-2000 is created!
2011-12-22 17:41:52.673, 1987, 1999, Child CHILD-1999 is created!
2011-12-22 17:41:52.674, 1987, 2003, Child CHILD-2003 is created!
2011-12-22 17:41:52.682, 1987, 1996, Child CHILD-1996 is created!
2011-12-22 17:41:52.685, 1987, 1992, Child CHILD-1992 is created!
2011-12-22 17:41:52.686, 1987, 1992, The key is found! Key is: 00000000000000000000000000000000000000000000000000000000
2011-12-22 17:41:52.689, 1987, 1987, Child process CHILD-1992 is terminated!
2011-12-22 17:41:52.689, 1987, 1987, All child processes will be terminated now!
2011-12-22 17:41:52.692, 1987, 1987, Child process CHILD-1993 is terminated!
2011-12-22 17:41:52.692, 1987, 1987, Child process CHILD-1994 is terminated!
2011-12-22 17:41:52.692, 1987, 1987, Child process CHILD-1995 is terminated!
2011-12-22 17:41:52.692, 1987, 1987, Child process CHILD-1996 is terminated!
2011-12-22 17:41:52.692, 1987, 1987, Child process CHILD-1997 is terminated!
2011-12-22 17:41:52.692, 1987, 1987, Child process CHILD-1998 is terminated!
2011-12-22 17:41:52.692, 1987, 1987, Child process CHILD-1999 is terminated!
2011-12-22 17:41:52.692, 1987, 1987, Child process CHILD-2000 is terminated!
2011-12-22 17:41:52.692, 1987, 1987, Child process CHILD-2001 is terminated!
2011-12-22 17:41:52.692, 1987, 1987, Child process CHILD-2002 is terminated!
2011-12-22 17:41:52.692, 1987, 1987, Child process CHILD-2003 is terminated!
2011-12-22 17:41:52.692, 1987, 1987, Child process CHILD-2004 is terminated!
2011-12-22 17:41:52.692, 1987, 1987, Child process CHILD-2005 is terminated!
2011-12-22 17:41:52.693, 1987, 1987, Child process CHILD-2006 is terminated!
2011-12-22 17:41:52.693, 1987, 1987, Child process CHILD-2007 is terminated!
2011-12-22 17:41:52.693, 1987, 1987, Main process ended!
2011-12-22 17:42:05.625, 2008, 2008, Main process started!
2011-12-22 17:42:05.647, 2008, 2008, Key is: 00000000000000000000000000000000000000000111101000000000
2011-12-22 17:42:05.647, 2008, 2008, A new child will be created!
2011-12-22 17:42:05.647, 2008, 2008, Created CHILD-2013!
2011-12-22 17:42:05.647, 2008, 2008, A new child will be created!
2011-12-22 17:42:05.647, 2008, 2008, Created CHILD-2014!
2011-12-22 17:42:05.647, 2008, 2008, A new child will be created!
2011-12-22 17:42:05.648, 2008, 2008, Created CHILD-2015!
2011-12-22 17:42:05.648, 2008, 2008, A new child will be created!
2011-12-22 17:42:05.648, 2008, 2008, Created CHILD-2016!
2011-12-22 17:42:05.648, 2008, 2008, A new child will be created!
2011-12-22 17:42:05.648, 2008, 2008, Created CHILD-2017!
2011-12-22 17:42:05.648, 2008, 2008, A new child will be created!
2011-12-22 17:42:05.649, 2008, 2008, Created CHILD-2018!
2011-12-22 17:42:05.649, 2008, 2008, A new child will be created!
2011-12-22 17:42:05.649, 2008, 2008, Created CHILD-2019!
2011-12-22 17:42:05.649, 2008, 2008, A new child will be created!
2011-12-22 17:42:05.649, 2008, 2008, Created CHILD-2020!
2011-12-22 17:42:05.649, 2008, 2008, A new child will be created!
2011-12-22 17:42:05.649, 2008, 2008, Created CHILD-2021!
2011-12-22 17:42:05.649, 2008, 2008, A new child will be created!
2011-12-22 17:42:05.650, 2008, 2008, Created CHILD-2022!
2011-12-22 17:42:05.650, 2008, 2008, A new child will be created!
2011-12-22 17:42:05.652, 2008, 2008, Created CHILD-2023!
2011-12-22 17:42:05.652, 2008, 2008, A new child will be created!
2011-12-22 17:42:05.653, 2008, 2008, Created CHILD-2024!
2011-12-22 17:42:05.653, 2008, 2008, A new child will be created!
2011-12-22 17:42:05.653, 2008, 2008, Created CHILD-2025!
2011-12-22 17:42:05.653, 2008, 2008, A new child will be created!
2011-12-22 17:42:05.653, 2008, 2008, Created CHILD-2026!
2011-12-22 17:42:05.653, 2008, 2008, A new child will be created!
2011-12-22 17:42:05.653, 2008, 2008, Created CHILD-2027!
2011-12-22 17:42:05.653, 2008, 2008, A new child will be created!
2011-12-22 17:42:05.654, 2008, 2008, Created CHILD-2028!
2011-12-22 17:42:05.656, 2008, 2014, Child CHILD-2014 is created!
2011-12-22 17:42:05.657, 2008, 2015, Child CHILD-2015 is created!
2011-12-22 17:42:05.661, 2008, 2013, Child CHILD-2013 is created!
2011-12-22 17:42:05.667, 2008, 2016, Child CHILD-2016 is created!
2011-12-22 17:42:05.667, 2008, 2021, Child CHILD-2021 is created!
2011-12-22 17:42:05.676, 2008, 2019, Child CHILD-2019 is created!
2011-12-22 17:42:05.678, 2008, 2017, Child CHILD-2017 is created!
2011-12-22 17:42:05.690, 2008, 2022, Child CHILD-2022 is created!
2011-12-22 17:42:05.692, 2008, 2018, Child CHILD-2018 is created!
2011-12-22 17:42:05.695, 2008, 2023, Child CHILD-2023 is created!
2011-12-22 17:42:05.696, 2008, 2020, Child CHILD-2020 is created!
2011-12-22 17:42:05.710, 2008, 2025, Child CHILD-2025 is created!
2011-12-22 17:42:05.710, 2008, 2027, Child CHILD-2027 is created!
2011-12-22 17:42:05.718, 2008, 2028, Child CHILD-2028 is created!
2011-12-22 17:42:05.719, 2008, 2024, Child CHILD-2024 is created!
2011-12-22 17:42:05.710, 2008, 2026, Child CHILD-2026 is created!
2011-12-22 17:42:33.433, 2008, 2013, The key is found! Key is: 00000000000000000000000000000000000000000111101000000000
2011-12-22 17:42:33.548, 2008, 2008, Child process CHILD-2013 is terminated!
2011-12-22 17:42:33.548, 2008, 2008, All child processes will be terminated now!
2011-12-22 17:42:33.565, 2008, 2008, Child process CHILD-2014 is terminated!
2011-12-22 17:42:33.604, 2008, 2008, Child process CHILD-2015 is terminated!
2011-12-22 17:42:33.604, 2008, 2008, Child process CHILD-2016 is terminated!
2011-12-22 17:42:33.604, 2008, 2008, Child process CHILD-2017 is terminated!
2011-12-22 17:42:33.604, 2008, 2008, Child process CHILD-2018 is terminated!
2011-12-22 17:42:33.609, 2008, 2008, Child process CHILD-2019 is terminated!
2011-12-22 17:42:33.609, 2008, 2008, Child process CHILD-2020 is terminated!
2011-12-22 17:42:33.609, 2008, 2008, Child process CHILD-2021 is terminated!
2011-12-22 17:42:33.617, 2008, 2008, Child process CHILD-2022 is terminated!
2011-12-22 17:42:33.617, 2008, 2008, Child process CHILD-2023 is terminated!
2011-12-22 17:42:33.617, 2008, 2008, Child process CHILD-2024 is terminated!
2011-12-22 17:42:33.617, 2008, 2008, Child process CHILD-2025 is terminated!
2011-12-22 17:42:33.617, 2008, 2008, Child process CHILD-2026 is terminated!
2011-12-22 17:42:33.617, 2008, 2008, Child process CHILD-2027 is terminated!
2011-12-22 17:42:33.618, 2008, 2008, Child process CHILD-2028 is terminated!
2011-12-22 17:42:33.618, 2008, 2008, Main process ended!
2011-12-22 18:02:00.395, 674, 674, Main process started!
2011-12-22 18:02:00.525, 674, 674, Key is: 00000000000000000000000000000000000000000101110100000000
2011-12-22 18:02:00.525, 674, 674, A new child will be created!
2011-12-22 18:02:00.525, 674, 674, Created CHILD-679!
2011-12-22 18:02:00.526, 674, 674, A new child will be created!
2011-12-22 18:02:00.526, 674, 674, Created CHILD-680!
2011-12-22 18:02:00.526, 674, 674, A new child will be created!
2011-12-22 18:02:00.526, 674, 674, Created CHILD-681!
2011-12-22 18:02:00.526, 674, 674, A new child will be created!
2011-12-22 18:02:00.526, 674, 674, Created CHILD-682!
2011-12-22 18:02:00.526, 674, 674, A new child will be created!
2011-12-22 18:02:00.527, 674, 674, Created CHILD-683!
2011-12-22 18:02:00.527, 674, 674, A new child will be created!
2011-12-22 18:02:00.527, 674, 674, Created CHILD-684!
2011-12-22 18:02:00.527, 674, 674, A new child will be created!
2011-12-22 18:02:00.527, 674, 674, Created CHILD-685!
2011-12-22 18:02:00.527, 674, 674, A new child will be created!
2011-12-22 18:02:00.527, 674, 674, Created CHILD-686!
2011-12-22 18:02:00.527, 674, 674, A new child will be created!
2011-12-22 18:02:00.528, 674, 674, Created CHILD-687!
2011-12-22 18:02:00.528, 674, 674, A new child will be created!
2011-12-22 18:02:00.528, 674, 674, Created CHILD-688!
2011-12-22 18:02:00.528, 674, 674, A new child will be created!
2011-12-22 18:02:00.528, 674, 674, Created CHILD-689!
2011-12-22 18:02:00.528, 674, 674, A new child will be created!
2011-12-22 18:02:00.528, 674, 674, Created CHILD-690!
2011-12-22 18:02:00.528, 674, 674, A new child will be created!
2011-12-22 18:02:00.529, 674, 674, Created CHILD-691!
2011-12-22 18:02:00.529, 674, 674, A new child will be created!
2011-12-22 18:02:00.529, 674, 674, Created CHILD-692!
2011-12-22 18:02:00.529, 674, 674, A new child will be created!
2011-12-22 18:02:00.529, 674, 674, Created CHILD-693!
2011-12-22 18:02:00.529, 674, 674, A new child will be created!
2011-12-22 18:02:00.529, 674, 674, Created CHILD-694!
2011-12-22 18:02:00.547, 674, 683, Child CHILD-683 is created!
2011-12-22 18:02:00.547, 674, 681, Child CHILD-681 is created!
2011-12-22 18:02:00.547, 674, 679, Child CHILD-679 is created!
2011-12-22 18:02:00.547, 674, 685, Child CHILD-685 is created!
2011-12-22 18:02:00.548, 674, 688, Child CHILD-688 is created!
2011-12-22 18:02:00.548, 674, 689, Child CHILD-689 is created!
2011-12-22 18:02:00.548, 674, 692, Child CHILD-692 is created!
2011-12-22 18:02:00.559, 674, 690, Child CHILD-690 is created!
2011-12-22 18:02:00.569, 674, 691, Child CHILD-691 is created!
2011-12-22 18:02:00.569, 674, 693, Child CHILD-693 is created!
2011-12-22 18:02:00.571, 674, 684, Child CHILD-684 is created!
2011-12-22 18:02:00.579, 674, 694, Child CHILD-694 is created!
2011-12-22 18:02:00.581, 674, 682, Child CHILD-682 is created!
2011-12-22 18:02:00.582, 674, 687, Child CHILD-687 is created!
2011-12-22 18:02:00.582, 674, 680, Child CHILD-680 is created!
2011-12-22 18:02:00.592, 674, 686, Child CHILD-686 is created!
2011-12-22 18:02:21.93, 674, 679, The key is found! Key is: 00000000000000000000000000000000000000000101110000000000
2011-12-22 18:02:21.102, 674, 674, Child process CHILD-679 is terminated!
2011-12-22 18:02:21.102, 674, 674, All child processes will be terminated now!
2011-12-22 18:02:21.148, 674, 674, Child process CHILD-680 is terminated!
2011-12-22 18:02:21.148, 674, 674, Child process CHILD-681 is terminated!
2011-12-22 18:02:21.148, 674, 674, Child process CHILD-682 is terminated!
2011-12-22 18:02:21.148, 674, 674, Child process CHILD-683 is terminated!
2011-12-22 18:02:21.148, 674, 674, Child process CHILD-684 is terminated!
2011-12-22 18:02:21.148, 674, 674, Child process CHILD-685 is terminated!
2011-12-22 18:02:21.148, 674, 674, Child process CHILD-686 is terminated!
2011-12-22 18:02:21.148, 674, 674, Child process CHILD-687 is terminated!
2011-12-22 18:02:21.148, 674, 674, Child process CHILD-688 is terminated!
2011-12-22 18:02:21.148, 674, 674, Child process CHILD-689 is terminated!
2011-12-22 18:02:21.148, 674, 674, Child process CHILD-690 is terminated!
2011-12-22 18:02:21.148, 674, 674, Child process CHILD-691 is terminated!
2011-12-22 18:02:21.148, 674, 674, Child process CHILD-692 is terminated!
2011-12-22 18:02:21.148, 674, 674, Child process CHILD-693 is terminated!
2011-12-22 18:02:21.148, 674, 674, Child process CHILD-694 is terminated!
2011-12-22 18:02:21.148, 674, 674, Main process ended!
